  Alien.cpp
  BOSS_Alien.cpp
D:\大學資料\大三\計算機圖學\Shooting_game\Shooting_game\OpenGL_2\Characters\BOSS_Alien.cpp(33,31): warning C4244: '=': 將 'double' 轉換為 'GLfloat'，由於類型不同，可能導致資料遺失
  Middle_Alien.cpp
D:\大學資料\大三\計算機圖學\Shooting_game\Shooting_game\OpenGL_2\Characters\BOSS_Alien.cpp(34,64): warning C4244: '=': 將 'double' 轉換為 'GLfloat'，由於類型不同，可能導致資料遺失
D:\大學資料\大三\計算機圖學\Shooting_game\Shooting_game\OpenGL_2\Characters\Middle_Alien.cpp(105,38): warning C4305: '引數': 從 'double' 轉換為 'const GLfloat'，是由較大的類型轉換為較小的類型，可能導致資料遺失
D:\大學資料\大三\計算機圖學\Shooting_game\Shooting_game\OpenGL_2\Characters\Middle_Alien.cpp(106,56): warning C4305: '引數': 從 'double' 轉換為 'const GLfloat'，是由較大的類型轉換為較小的類型，可能導致資料遺失
D:\大學資料\大三\計算機圖學\Shooting_game\Shooting_game\OpenGL_2\Characters\Middle_Alien.cpp(113,41): warning C4244: '=': 將 'double' 轉換為 'GLfloat'，由於類型不同，可能導致資料遺失
  Small_Alien.cpp
D:\大學資料\大三\計算機圖學\Shooting_game\Shooting_game\OpenGL_2\Characters\Middle_Alien.cpp(114,41): warning C4244: '=': 將 'double' 轉換為 'GLfloat'，由於類型不同，可能導致資料遺失
D:\大學資料\大三\計算機圖學\Shooting_game\Shooting_game\OpenGL_2\Characters\Small_Alien.cpp(33,31): warning C4244: '=': 將 'double' 轉換為 'GLfloat'，由於類型不同，可能導致資料遺失
D:\大學資料\大三\計算機圖學\Shooting_game\Shooting_game\OpenGL_2\Characters\Small_Alien.cpp(34,49): warning C4244: '=': 將 'double' 轉換為 'GLfloat'，由於類型不同，可能導致資料遺失
D:\大學資料\大三\計算機圖學\Shooting_game\Shooting_game\OpenGL_2\Characters\Small_Alien.cpp(99,41): warning C4244: '=': 將 'double' 轉換為 'GLfloat'，由於類型不同，可能導致資料遺失
  main.cpp
D:\大學資料\大三\計算機圖學\Shooting_game\Shooting_game\OpenGL_2\Characters\Small_Alien.cpp(100,41): warning C4244: '=': 將 'double' 轉換為 'GLfloat'，由於類型不同，可能導致資料遺失
D:\大學資料\大三\計算機圖學\Shooting_game\Shooting_game\OpenGL_2\Characters\MainRole_Ring.h(17,20): warning C4305: '正在初始化': 從 'double' 轉換為 'GLfloat'，是由較大的類型轉換為較小的類型，可能導致資料遺失
D:\大學資料\大三\計算機圖學\Shooting_game\Shooting_game\OpenGL_2\main.cpp(129,47): warning C4305: '引數': 從 'double' 轉換為 'GLclampf'，是由較大的類型轉換為較小的類型，可能導致資料遺失
D:\大學資料\大三\計算機圖學\Shooting_game\Shooting_game\OpenGL_2\main.cpp(897,28): warning C4305: '引數': 從 'double' 轉換為 'float'，是由較大的類型轉換為較小的類型，可能導致資料遺失
D:\大學資料\大三\計算機圖學\Shooting_game\Shooting_game\OpenGL_2\main.cpp(898,33): warning C4305: '引數': 從 'double' 轉換為 'float'，是由較大的類型轉換為較小的類型，可能導致資料遺失
D:\大學資料\大三\計算機圖學\Shooting_game\Shooting_game\OpenGL_2\main.cpp(909,28): warning C4305: '引數': 從 'double' 轉換為 'float'，是由較大的類型轉換為較小的類型，可能導致資料遺失
D:\大學資料\大三\計算機圖學\Shooting_game\Shooting_game\OpenGL_2\main.cpp(910,33): warning C4305: '引數': 從 'double' 轉換為 'float'，是由較大的類型轉換為較小的類型，可能導致資料遺失
D:\大學資料\大三\計算機圖學\Shooting_game\Shooting_game\OpenGL_2\main.cpp(1051,61): warning C4244: '=': 將 'double' 轉換為 'GLfloat'，由於類型不同，可能導致資料遺失
D:\大學資料\大三\計算機圖學\Shooting_game\Shooting_game\OpenGL_2\main.cpp(1052,63): warning C4244: '=': 將 'double' 轉換為 'GLfloat'，由於類型不同，可能導致資料遺失
D:\大學資料\大三\計算機圖學\Shooting_game\Shooting_game\OpenGL_2\main.cpp(1068,61): warning C4244: '=': 將 'double' 轉換為 'GLfloat'，由於類型不同，可能導致資料遺失
  正在產生程式碼...
D:\大學資料\大三\計算機圖學\Shooting_game\Shooting_game\OpenGL_2\main.cpp(1069,63): warning C4244: '=': 將 'double' 轉換為 'GLfloat'，由於類型不同，可能導致資料遺失
  OpenGL_2.vcxproj -> D:\大學資料\大三\計算機圖學\Shooting_game\Shooting_game\Debug\OpenGL_2.exe
