d:\大學資料\大三\計算機圖學\shooting_game\shooting_game\opengl_2\debug\vc142.pdb
d:\大學資料\大三\計算機圖學\shooting_game\shooting_game\opengl_2\debug\vc142.idb
d:\大學資料\大三\計算機圖學\shooting_game\shooting_game\opengl_2\debug\bullet_salien.obj
d:\大學資料\大三\計算機圖學\shooting_game\shooting_game\opengl_2\debug\bullet_malien.obj
d:\大學資料\大三\計算機圖學\shooting_game\shooting_game\opengl_2\debug\bullet_main.obj
d:\大學資料\大三\計算機圖學\shooting_game\shooting_game\opengl_2\debug\bullet_balien.obj
d:\大學資料\大三\計算機圖學\shooting_game\shooting_game\opengl_2\debug\gl_display_func.obj
d:\大學資料\大三\計算機圖學\shooting_game\shooting_game\opengl_2\debug\main.obj
d:\大學資料\大三\計算機圖學\shooting_game\shooting_game\opengl_2\debug\initshader.obj
d:\大學資料\大三\計算機圖學\shooting_game\shooting_game\opengl_2\debug\explo.obj
d:\大學資料\大三\計算機圖學\shooting_game\shooting_game\opengl_2\debug\timer.obj
d:\大學資料\大三\計算機圖學\shooting_game\shooting_game\opengl_2\debug\common.obj
d:\大學資料\大三\計算機圖學\shooting_game\shooting_game\opengl_2\debug\small_alien.obj
d:\大學資料\大三\計算機圖學\shooting_game\shooting_game\opengl_2\debug\middle_alien.obj
d:\大學資料\大三\計算機圖學\shooting_game\shooting_game\opengl_2\debug\mainrole_ring.obj
d:\大學資料\大三\計算機圖學\shooting_game\shooting_game\opengl_2\debug\mainrole.obj
d:\大學資料\大三\計算機圖學\shooting_game\shooting_game\opengl_2\debug\boss_alien.obj
d:\大學資料\大三\計算機圖學\shooting_game\shooting_game\opengl_2\debug\alien.obj
d:\大學資料\大三\計算機圖學\shooting_game\shooting_game\opengl_2\debug\supercube.obj
d:\大學資料\大三\計算機圖學\shooting_game\shooting_game\opengl_2\debug\cloud.obj
d:\大學資料\大三\計算機圖學\shooting_game\shooting_game\opengl_2\debug\smoke_boss.obj
d:\大學資料\大三\計算機圖學\shooting_game\shooting_game\debug\opengl_2.pdb
d:\大學資料\大三\計算機圖學\shooting_game\shooting_game\opengl_2\debug\opengl_2.tlog\cl.command.1.tlog
d:\大學資料\大三\計算機圖學\shooting_game\shooting_game\opengl_2\debug\opengl_2.tlog\cl.read.1.tlog
d:\大學資料\大三\計算機圖學\shooting_game\shooting_game\opengl_2\debug\opengl_2.tlog\cl.write.1.tlog
d:\大學資料\大三\計算機圖學\shooting_game\shooting_game\opengl_2\debug\opengl_2.tlog\link-cvtres.read.1.tlog
d:\大學資料\大三\計算機圖學\shooting_game\shooting_game\opengl_2\debug\opengl_2.tlog\link-cvtres.write.1.tlog
d:\大學資料\大三\計算機圖學\shooting_game\shooting_game\opengl_2\debug\opengl_2.tlog\link-rc.read.1.tlog
d:\大學資料\大三\計算機圖學\shooting_game\shooting_game\opengl_2\debug\opengl_2.tlog\link-rc.write.1.tlog
d:\大學資料\大三\計算機圖學\shooting_game\shooting_game\opengl_2\debug\opengl_2.tlog\link.12816-cvtres.read.1.tlog
d:\大學資料\大三\計算機圖學\shooting_game\shooting_game\opengl_2\debug\opengl_2.tlog\link.12816-cvtres.write.1.tlog
d:\大學資料\大三\計算機圖學\shooting_game\shooting_game\opengl_2\debug\opengl_2.tlog\link.12816-rc.read.1.tlog
d:\大學資料\大三\計算機圖學\shooting_game\shooting_game\opengl_2\debug\opengl_2.tlog\link.12816-rc.write.1.tlog
d:\大學資料\大三\計算機圖學\shooting_game\shooting_game\opengl_2\debug\opengl_2.tlog\link.12816.read.1.tlog
d:\大學資料\大三\計算機圖學\shooting_game\shooting_game\opengl_2\debug\opengl_2.tlog\link.12816.write.1.tlog
d:\大學資料\大三\計算機圖學\shooting_game\shooting_game\opengl_2\debug\opengl_2.tlog\link.command.1.tlog
d:\大學資料\大三\計算機圖學\shooting_game\shooting_game\opengl_2\debug\opengl_2.tlog\link.read.1.tlog
d:\大學資料\大三\計算機圖學\shooting_game\shooting_game\opengl_2\debug\opengl_2.tlog\link.write.1.tlog
